0 info it worked if it ends with ok
1 verbose cli [ '/usr/local/bin/node',
1 verbose cli   '/usr/local/bin/npm',
1 verbose cli   'install',
1 verbose cli   '--global',
1 verbose cli   'node@0.10.21' ]
2 info using npm@1.3.11
3 info using node@v0.10.21
4 verbose cache add [ 'node@0.10.21', null ]
5 verbose cache add name=undefined spec="node@0.10.21" args=["node@0.10.21",null]
6 verbose parsed url { protocol: null,
6 verbose parsed url   slashes: null,
6 verbose parsed url   auth: null,
6 verbose parsed url   host: null,
6 verbose parsed url   port: null,
6 verbose parsed url   hostname: null,
6 verbose parsed url   hash: null,
6 verbose parsed url   search: null,
6 verbose parsed url   query: null,
6 verbose parsed url   pathname: 'node@0.10.21',
6 verbose parsed url   path: 'node@0.10.21',
6 verbose parsed url   href: 'node@0.10.21' }
7 verbose cache add name="node" spec="0.10.21" args=["node","0.10.21"]
8 verbose parsed url { protocol: null,
8 verbose parsed url   slashes: null,
8 verbose parsed url   auth: null,
8 verbose parsed url   host: null,
8 verbose parsed url   port: null,
8 verbose parsed url   hostname: null,
8 verbose parsed url   hash: null,
8 verbose parsed url   search: null,
8 verbose parsed url   query: null,
8 verbose parsed url   pathname: '0.10.21',
8 verbose parsed url   path: '0.10.21',
8 verbose parsed url   href: '0.10.21' }
9 verbose addNamed [ 'node', '0.10.21' ]
10 verbose addNamed [ '0.10.21', '0.10.21' ]
11 silly lockFile cdd1658e-node-0-10-21 node@0.10.21
12 verbose lock node@0.10.21 /home/vagrant/.npm/cdd1658e-node-0-10-21.lock
13 verbose url raw node/0.10.21
14 verbose url resolving [ 'https://registry.npmjs.org/', './node/0.10.21' ]
15 verbose url resolved https://registry.npmjs.org/node/0.10.21
16 info trying registry request attempt 1 at 08:24:25
17 http GET https://registry.npmjs.org/node/0.10.21
18 http 404 https://registry.npmjs.org/node/0.10.21
19 silly registry.get cb [ 404,
19 silly registry.get   { vary: 'Accept',
19 silly registry.get     server: 'CouchDB/1.3.1 (Erlang OTP/R15B03)',
19 silly registry.get     etag: '"BU8Y837D1042IG1HASNPPODN6"',
19 silly registry.get     date: 'Mon, 04 Nov 2013 08:24:26 GMT',
19 silly registry.get     'content-type': 'application/json',
19 silly registry.get     'content-length': '38' } ]
20 silly lockFile cdd1658e-node-0-10-21 node@0.10.21
21 silly lockFile cdd1658e-node-0-10-21 node@0.10.21
22 error Error: version not found: 0.10.21 : node/0.10.21
22 error     at RegClient.<anonymous> (/usr/local/lib/node_modules/npm/node_modules/npm-registry-client/lib/request.js:272:14)
22 error     at Request.self.callback (/usr/local/lib/node_modules/npm/node_modules/request/request.js:129:22)
22 error     at Request.EventEmitter.emit (events.js:98:17)
22 error     at Request.<anonymous> (/usr/local/lib/node_modules/npm/node_modules/request/request.js:873:14)
22 error     at Request.EventEmitter.emit (events.js:117:20)
22 error     at IncomingMessage.<anonymous> (/usr/local/lib/node_modules/npm/node_modules/request/request.js:824:12)
22 error     at IncomingMessage.EventEmitter.emit (events.js:117:20)
22 error     at _stream_readable.js:920:16
22 error     at process._tickCallback (node.js:415:13)
23 error If you need help, you may report this log at:
23 error     <http://github.com/isaacs/npm/issues>
23 error or email it to:
23 error     <npm-@googlegroups.com>
24 error System Linux 3.2.0-23-generic-pae
25 error command "/usr/local/bin/node" "/usr/local/bin/npm" "install" "--global" "node@0.10.21"
26 error cwd /vagrant/puppet/modules
27 error node -v v0.10.21
28 error npm -v 1.3.11
29 verbose exit [ 1, true ]
